<?xml version="1.0" encoding="utf-8"?><testsuites name="pytest tests"><testsuite name="pytest" errors="0" failures="0" skipped="0" tests="21" time="10.355" timestamp="2026-04-04T01:00:39.651553+00:00" hostname="agent-env-a98ae441-c07b-4e98-b4fd-d2691f26c650"><testcase classname="tests.test_buildforce_api.TestHealthAndBasics" name="test_jobs_endpoint_accessible" time="1.351" /><testcase classname="tests.test_buildforce_api.TestHealthAndBasics" name="test_subscription_plans_accessible" time="0.145" /><testcase classname="tests.test_buildforce_api.TestAuthentication" name="test_talent_login" time="0.386" /><testcase classname="tests.test_buildforce_api.TestAuthentication" name="test_hirer_login" time="0.329" /><testcase classname="tests.test_buildforce_api.TestCompaniesEndpoint" name="test_list_companies" time="0.106" /><testcase classname="tests.test_buildforce_api.TestCompaniesEndpoint" name="test_search_companies" time="0.154" /><testcase classname="tests.test_buildforce_api.TestTalentFeatures" name="test_get_my_applications" time="0.502" /><testcase classname="tests.test_buildforce_api.TestTalentFeatures" name="test_get_saved_jobs" time="0.429" /><testcase classname="tests.test_buildforce_api.TestTalentFeatures" name="test_ai_job_matching" time="0.457" /><testcase classname="tests.test_buildforce_api.TestTalentFeatures" name="test_job_alerts_crud" time="0.718" /><testcase classname="tests.test_buildforce_api.TestTalentFeatures" name="test_resume_download_pdf" time="0.469" /><testcase classname="tests.test_buildforce_api.TestHirerFeatures" name="test_hirer_analytics" time="0.464" /><testcase classname="tests.test_buildforce_api.TestHirerFeatures" name="test_get_my_jobs" time="0.452" /><testcase classname="tests.test_buildforce_api.TestMessaging" name="test_get_conversations" time="0.486" /><testcase classname="tests.test_buildforce_api.TestMessaging" name="test_get_inbox" time="0.431" /><testcase classname="tests.test_buildforce_api.TestMessaging" name="test_send_message_requires_valid_recipient" time="0.454" /><testcase classname="tests.test_buildforce_api.TestPayments" name="test_payment_checkout_stripe" time="1.002" /><testcase classname="tests.test_buildforce_api.TestPayments" name="test_payment_checkout_paypal_mocked" time="0.467" /><testcase classname="tests.test_buildforce_api.TestPayments" name="test_payment_checkout_paymongo_mocked" time="0.433" /><testcase classname="tests.test_buildforce_api.TestPayments" name="test_payment_status_check" time="0.567" /><testcase classname="tests.test_buildforce_api.TestResumeUpload" name="test_resume_upload_requires_file" time="0.475" /></testsuite></testsuites>