<?xml version="1.0" encoding="utf-8"?><testsuites name="pytest tests"><testsuite name="pytest" errors="0" failures="1" skipped="0" tests="25" time="11.446" timestamp="2026-04-04T01:24:34.289685+00:00" hostname="agent-env-a98ae441-c07b-4e98-b4fd-d2691f26c650"><testcase classname="backend.tests.test_iteration4_api.TestPublicEndpoints" name="test_leaderboard_ats_scores" time="2.967" /><testcase classname="backend.tests.test_iteration4_api.TestPublicEndpoints" name="test_resume_templates_list" time="0.110"><failure message="AssertionError: assert 'sections' in {'category': 'General', 'description': 'A versatile template suited for any construction role, highlighting safety certifications and project experience.', 'name': 'Construction General', 'template_id': 'tpl_construction_general'}">backend/tests/test_iteration4_api.py:49: in test_resume_templates_list
    assert "sections" in tpl
E   AssertionError: assert 'sections' in {'category': 'General', 'description': 'A versatile template suited for any construction role, highlighting safety certifications and project experience.', 'name': 'Construction General', 'template_id': 'tpl_construction_general'}</failure></testcase><testcase classname="backend.tests.test_iteration4_api.TestPublicEndpoints" name="test_resume_template_by_id" time="0.718" /><testcase classname="backend.tests.test_iteration4_api.TestPublicEndpoints" name="test_resume_template_not_found" time="0.163" /><testcase classname="backend.tests.test_iteration4_api.TestTalentAuth" name="test_talent_login" time="0.360" /><testcase classname="backend.tests.test_iteration4_api.TestTalentAuth" name="test_recommendations" time="0.543" /><testcase classname="backend.tests.test_iteration4_api.TestTalentAuth" name="test_interviews_list_talent" time="0.535" /><testcase classname="backend.tests.test_iteration4_api.TestHirerAuth" name="test_hirer_login" time="0.332" /><testcase classname="backend.tests.test_iteration4_api.TestHirerAuth" name="test_interviews_list_hirer" time="0.468" /><testcase classname="backend.tests.test_iteration4_api.TestAdminAuth" name="test_admin_login" time="0.341" /><testcase classname="backend.tests.test_iteration4_api.TestAdminAuth" name="test_admin_dashboard" time="0.485" /><testcase classname="backend.tests.test_iteration4_api.TestAdminAuth" name="test_admin_users_list" time="0.479" /><testcase classname="backend.tests.test_iteration4_api.TestAdminAuth" name="test_admin_users_filter_by_type" time="0.491" /><testcase classname="backend.tests.test_iteration4_api.TestAdminAuth" name="test_admin_users_search" time="0.448" /><testcase classname="backend.tests.test_iteration4_api.TestAdminAuth" name="test_admin_dashboard_forbidden_for_non_admin" time="0.452" /><testcase classname="backend.tests.test_iteration4_api.TestInterviewScheduling" name="test_interview_requires_auth" time="0.147" /><testcase classname="backend.tests.test_iteration4_api.TestInterviewScheduling" name="test_interview_requires_hirer" time="0.481" /><testcase classname="backend.tests.test_iteration4_api.TestBulkUpload" name="test_bulk_upload_requires_auth" time="0.147" /><testcase classname="backend.tests.test_iteration4_api.TestBulkUpload" name="test_bulk_upload_requires_talent" time="0.472" /><testcase classname="backend.tests.test_iteration4_api.TestDeepMatch" name="test_deep_match_requires_auth" time="0.131" /><testcase classname="backend.tests.test_iteration4_api.TestDeepMatch" name="test_deep_match_job_not_found" time="0.492" /><testcase classname="backend.tests.test_iteration4_api.TestExistingFeatures" name="test_jobs_list" time="0.123" /><testcase classname="backend.tests.test_iteration4_api.TestExistingFeatures" name="test_subscription_plans" time="0.138" /><testcase classname="backend.tests.test_iteration4_api.TestExistingFeatures" name="test_companies_list" time="0.125" /><testcase classname="backend.tests.test_iteration4_api.TestExistingFeatures" name="test_categories" time="0.133" /></testsuite></testsuites>